Reading xml
not well-formed (invalid token): line 1, column 0
syntax error: line 1, column 0
100000 records processed.   @2008-10-02T15:41:17.530
200000 records processed.   @2008-11-19T23:51:47.077
300000 records processed.   @2009-01-14T21:42:52.530
400000 records processed.   @2009-02-23T16:38:29.460
500000 records processed.   @2009-04-01T08:21:18.427
600000 records processed.   @2009-05-06T12:01:52.550
700000 records processed.   @2009-06-04T16:10:00.613
800000 records processed.   @2009-07-02T11:09:25.400
900000 records processed.   @2009-07-28T19:04:48.087
1000000 records processed.   @2009-08-23T15:24:22.620
1100000 records processed.   @2009-09-17T17:18:13.110
1200000 records processed.   @2009-10-13T15:56:24.373
1300000 records processed.   @2009-11-05T17:02:30.327
1400000 records processed.   @2009-11-26T13:24:09.623
1500000 records processed.   @2009-12-17T21:25:15.267
1600000 records processed.   @2010-01-11T23:47:55.750
1700000 records processed.   @2010-01-29T23:44:09.713
1800000 records processed.   @2010-02-18T04:21:38.020
1900000 records processed.   @2010-03-09T06:51:42.533
2000000 records processed.   @2010-03-27T01:07:50.573
2100000 records processed.   @2010-04-15T21:09:16.177
2200000 records processed.   @2010-05-04T23:46:58.393
2300000 records processed.   @2010-05-23T10:01:32.420
2400000 records processed.   @2010-06-10T05:03:50.163
2500000 records processed.   @2010-06-28T12:00:34.330
2600000 records processed.   @2010-07-14T22:26:28.043
2700000 records processed.   @2010-07-30T11:13:02.533
2800000 records processed.   @2010-08-16T05:49:13.817
2900000 records processed.   @2010-08-31T14:24:15.500
3000000 records processed.   @2010-09-16T16:24:00.317
3100000 records processed.   @2010-10-02T23:17:26.250
3200000 records processed.   @2010-10-19T09:46:27.050
3300000 records processed.   @2010-11-03T11:16:29.840
3400000 records processed.   @2010-11-17T14:17:57.253
3500000 records processed.   @2010-12-01T12:16:57.093
3600000 records processed.   @2010-12-14T20:32:09.840
3700000 records processed.   @2010-12-30T15:12:08.100
3800000 records processed.   @2011-01-13T14:35:38.737
3900000 records processed.   @2011-01-25T20:07:04.300
4000000 records processed.   @2011-02-06T19:25:58.153
4100000 records processed.   @2011-02-17T17:56:28.527
4200000 records processed.   @2011-03-01T02:34:06.833
4300000 records processed.   @2011-03-11T00:48:19.593
4400000 records processed.   @2011-03-22T00:02:03.430
4500000 records processed.   @2011-03-31T16:14:08.683
4600000 records processed.   @2011-04-11T12:20:59.977
4700000 records processed.   @2011-04-21T03:11:27.830
4800000 records processed.   @2011-05-02T13:13:33.897
4900000 records processed.   @2011-05-12T09:06:50.920
5000000 records processed.   @2011-05-23T06:41:38.053
5100000 records processed.   @2011-06-02T06:28:29.267
5200000 records processed.   @2011-06-13T10:35:49.393
5300000 records processed.   @2011-06-22T22:20:30.740
5400000 records processed.   @2011-07-03T22:49:43.917
5500000 records processed.   @2011-07-13T19:41:45.463
5600000 records processed.   @2011-07-23T20:22:10.393
5700000 records processed.   @2011-08-03T03:10:14.813
5800000 records processed.   @2011-08-12T11:13:23.880
5900000 records processed.   @2011-08-23T06:29:32.287
6000000 records processed.   @2011-09-01T19:29:35.697
6100000 records processed.   @2011-09-12T23:06:31.573
6200000 records processed.   @2011-09-22T13:56:26.670
6300000 records processed.   @2011-10-03T13:44:18.060
6400000 records processed.   @2011-10-13T13:53:12.293
6500000 records processed.   @2011-10-24T10:44:02.593
6600000 records processed.   @2011-11-03T09:26:13.853
6700000 records processed.   @2011-11-13T13:30:30.727
6800000 records processed.   @2011-11-22T17:10:22.673
6900000 records processed.   @2011-12-01T22:43:35.983
7000000 records processed.   @2011-12-11T23:10:39.330
7100000 records processed.   @2011-12-21T08:33:17.380
7200000 records processed.   @2012-01-02T23:05:41.430
7300000 records processed.   @2012-01-11T18:51:14.257
7400000 records processed.   @2012-01-20T15:22:54.943
7500000 records processed.   @2012-01-30T11:02:05.603
7600000 records processed.   @2012-02-07T18:50:32.150
7700000 records processed.   @2012-02-15T20:48:21.497
7800000 records processed.   @2012-02-23T20:02:09.257
7900000 records processed.   @2012-03-02T19:33:04.973
8000000 records processed.   @2012-03-11T20:42:06.937
8100000 records processed.   @2012-03-19T21:51:57.053
8200000 records processed.   @2012-03-27T21:35:37.413
8300000 records processed.   @2012-04-04T19:21:15.223
8400000 records processed.   @2012-04-13T08:29:02.787
8500000 records processed.   @2012-04-21T08:46:34.027
8600000 records processed.   @2012-04-30T01:27:59.337
8700000 records processed.   @2012-05-08T11:46:39.970
8800000 records processed.   @2012-05-16T12:26:33.657
8900000 records processed.   @2012-05-24T14:33:20.440
9000000 records processed.   @2012-06-02T02:57:57.973
9100000 records processed.   @2012-06-11T12:16:11.107
9200000 records processed.   @2012-06-19T12:00:38.080
9300000 records processed.   @2012-06-27T07:25:08.563
9400000 records processed.   @2012-07-05T10:15:20.477
9500000 records processed.   @2012-07-13T01:09:09.817
9600000 records processed.   @2012-07-20T17:23:21.440
9700000 records processed.   @2012-07-28T20:56:22.603
9800000 records processed.   @2012-08-06T08:47:07.260
9900000 records processed.   @2012-08-14T04:39:42.877
10000000 records processed.   @2012-08-22T06:24:41.603
10100000 records processed.   @2012-08-30T00:50:16.177
10200000 records processed.   @2012-09-06T23:25:16.517
10300000 records processed.   @2012-09-14T20:12:23.990
10400000 records processed.   @2012-09-23T18:22:34.347
10500000 records processed.   @2012-10-01T16:15:23.740
10600000 records processed.   @2012-10-09T11:44:06.817
10700000 records processed.   @2012-10-16T18:55:10.163
10800000 records processed.   @2012-10-24T04:03:49.673
10900000 records processed.   @2012-10-31T18:41:36.160
11000000 records processed.   @2012-11-08T10:51:21.390
11100000 records processed.   @2012-11-16T00:07:01.217
11200000 records processed.   @2012-11-23T13:23:34.240
11300000 records processed.   @2012-11-30T19:36:25.093
11400000 records processed.   @2012-12-08T03:14:55.737
11500000 records processed.   @2012-12-15T21:28:08.533
11600000 records processed.   @2012-12-24T09:12:21.737
11700000 records processed.   @2013-01-03T16:27:02.077
11800000 records processed.   @2013-01-10T22:11:24.083
11900000 records processed.   @2013-01-18T04:53:25.620
12000000 records processed.   @2013-01-25T05:33:15.970
12100000 records processed.   @2013-02-01T03:19:12.260
12200000 records processed.   @2013-02-07T22:42:52.063
12300000 records processed.   @2013-02-14T23:10:41.353
12400000 records processed.   @2013-02-21T18:36:38.033
12500000 records processed.   @2013-02-28T11:08:45.330
12600000 records processed.   @2013-03-06T21:48:13.797
12700000 records processed.   @2013-03-13T11:26:21.547
12800000 records processed.   @2013-03-19T20:12:21.777
12900000 records processed.   @2013-03-26T11:11:17.183
13000000 records processed.   @2013-04-02T11:01:44.750
13100000 records processed.   @2013-04-08T20:33:58.733
13200000 records processed.   @2013-04-15T11:54:38.437
13300000 records processed.   @2013-04-22T04:19:17.673
13400000 records processed.   @2013-04-28T15:28:48.890
13500000 records processed.   @2013-05-05T22:05:23.673
13600000 records processed.   @2013-05-13T05:04:23.297
13700000 records processed.   @2013-05-19T22:53:16.243
13800000 records processed.   @2013-05-27T02:20:59.250
13900000 records processed.   @2013-06-03T05:29:42.347
14000000 records processed.   @2013-06-10T02:11:31.473
14100000 records processed.   @2013-06-17T07:38:52.520
14200000 records processed.   @2013-06-24T04:40:31.907
14300000 records processed.   @2013-06-30T19:12:17.043
14400000 records processed.   @2013-07-08T05:28:36.320
14500000 records processed.   @2013-07-15T00:20:50.257
14600000 records processed.   @2013-07-21T08:43:29.493
14700000 records processed.   @2013-07-27T06:50:38.270
14800000 records processed.   @2013-08-02T14:24:26.657
14900000 records processed.   @2013-08-09T09:45:16.133
15000000 records processed.   @2013-08-16T07:44:20.5970it [00:00, ?it/s]48it [00:00, 471.24it/s]95it [00:00, 469.80it/s]141it [00:00, 465.60it/s]187it [00:00, 462.00it/s]232it [00:00, 457.62it/s]278it [00:00, 455.73it/s]323it [00:00, 451.49it/s]368it [00:00, 449.33it/s]412it [00:00, 444.83it/s]436it [00:00, 450.77it/s]

15100000 records processed.   @2013-08-23T01:58:16.130
15200000 records processed.   @2013-08-29T18:54:02.240
15300000 records processed.   @2013-09-05T19:48:42.107
15400000 records processed.   @2013-09-12T16:49:50.487
15500000 records processed.   @2013-09-19T12:52:59.770
15600000 records processed.   @2013-09-26T05:57:32.447
15700000 records processed.   @2013-10-02T20:22:54.253
15800000 records processed.   @2013-10-09T12:00:39.997
15900000 records processed.   @2013-10-16T06:36:39.180
16000000 records processed.   @2013-10-22T15:27:17.103
16100000 records processed.   @2013-10-28T23:59:03.137
16200000 records processed.   @2013-11-04T17:22:34.647
16300000 records processed.   @2013-11-11T07:13:34.747
16400000 records processed.   @2013-11-17T01:22:45.373
16500000 records processed.   @2013-11-22T18:31:56.540
16600000 records processed.   @2013-11-29T08:41:42.180
16700000 records processed.   @2013-12-05T18:29:02.970
16800000 records processed.   @2013-12-12T01:06:25.813
16900000 records processed.   @2013-12-18T13:13:25.060
17000000 records processed.   @2013-12-26T13:44:19.760
17100000 records processed.   @2014-01-03T20:11:20.080
17200000 records processed.   @2014-01-10T06:02:16.280
17300000 records processed.   @2014-01-16T12:46:41.443
17400000 records processed.   @2014-01-22T16:15:21.447
17500000 records processed.   @2014-01-28T17:57:34.430
17600000 records processed.   @2014-02-03T21:32:56.637
17700000 records processed.   @2014-02-09T20:21:00.723
17800000 records processed.   @2014-02-14T21:21:32.277
17900000 records processed.   @2014-02-20T17:24:04.420
18000000 records processed.   @2014-02-26T12:08:57.197
18100000 records processed.   @2014-03-04T07:52:16.490
18200000 records processed.   @2014-03-10T01:08:55.880
18300000 records processed.   @2014-03-14T20:23:53.817
18400000 records processed.   @2014-03-20T17:27:24.640
18500000 records processed.   @2014-03-26T15:59:43.510
18600000 records processed.   @2014-04-01T16:53:42.903
18700000 records processed.   @2014-04-07T16:11:40.030
18800000 records processed.   @2014-04-13T13:36:13.693
18900000 records processed.   @2014-04-19T13:36:16.500
19000000 records processed.   @2014-04-25T15:25:23.623
19100000 records processed.   @2014-05-02T09:26:18.777
19200000 records processed.   @2014-05-08T22:08:16.657
19300000 records processed.   @2014-05-15T15:10:21.453
19400000 records processed.   @2014-05-22T16:27:59.547
19500000 records processed.   @2014-05-29T19:49:03.607
19600000 records processed.   @2014-06-06T00:20:23.280
19700000 records processed.   @2014-06-13T09:22:19.210
19800000 records processed.   @2014-06-20T16:06:53.610
19900000 records processed.   @2014-06-27T21:21:37.810
Converting to Dataframe
Merging
Writting
